<?xml version="1.0" encoding="UTF-8"?>
<!-- Generated by org.testng.reporters.JUnitXMLReporter -->
<testsuite ignored="0" hostname="DESKTOP-MATN0N1" failures="1" tests="1" name="Test" time="0.046" errors="0" timestamp="2022-02-12T19:49:07 IST">
  <testcase classname="TestPackage.RegisterTest" name="ResterEmail" time="0.0">
    <failure type="org.testng.TestNGException" message="
Data Provider public java.lang.Object[][] TestPackage.RegisterTest.InputData() throws java.lang.Exception returned a null value">
      <![CDATA[org.testng.TestNGException: 
Data Provider public java.lang.Object[][] TestPackage.RegisterTest.InputData() throws java.lang.Exception returned a null value
at java.base/java.util.ArrayList.forEach(ArrayList.java:1541)
... Removed 24 stack frames]]>
    </failure>
  </testcase> <!-- ResterEmail -->
</testsuite> <!-- Test -->
