<?xml version="1.0" encoding="UTF-8"?>
<testsuite xmlns:xsi="http://www.w3.org/2001/XMLSchema-instance" xsi:noNamespaceSchemaLocation="https://maven.apache.org/surefire/maven-surefire-plugin/xsd/surefire-test-report.xsd" name="TestSuite" time="466.16" tests="8" errors="0" skipped="0" failures="8">
  <properties>
[...]
</properties>
  <testcase name="BusinessRoleAditionalDetails" classname="TestPackage.BusinessRoleUnitTest" time="76.891">
    <failure message="Expected condition failed: waiting for visibility of element located by By.xpath: //div[@class=&apos;q-checkbox__bg absolute&apos;] (tried for 40 second(s) with 500 milliseconds interval)" type="org.openqa.selenium.TimeoutException">org.openqa.selenium.TimeoutException: Expected condition failed: waiting for visibility of element located by By.xpath: //div[@class='q-checkbox__bg absolute'] (tried for 40 second(s) with 500 milliseconds interval)
	at TestPackage.BusinessRoleUnitTest.BusinessRoleAditionalDetails(BusinessRoleUnitTest.java:43)
Caused by: org.openqa.selenium.NoSuchElementException: 
no such element: Unable to locate element: {"method":"xpath","selector":"//div[@class='q-checkbox__bg absolute']"}
  (Session info: chrome=98.0.4758.102)
For documentation on this error, please visit: https://www.seleniumhq.org/exceptions/no_such_element.html
Build info: version: '3.141.59', revision: 'e82be7d358', time: '2018-11-14T08:17:03'
System info: host: 'DESKTOP-MATN0N1', ip: '192.168.1.5', os.name: 'Windows 10', os.arch: 'amd64', os.version: '10.0', java.version: '11.0.12'
Driver info: org.openqa.selenium.chrome.ChromeDriver
Capabilities {acceptInsecureCerts: false, browserName: chrome, browserVersion: 98.0.4758.102, chrome: {chromedriverVersion: 98.0.4758.80 (7f0488e8ba0d8..., userDataDir: C:\Users\v-tballa\AppData\L...}, goog:chromeOptions: {debuggerAddress: localhost:62000}, javascriptEnabled: true, networkConnectionEnabled: false, pageLoadStrategy: normal, platform: WINDOWS, platformName: WINDOWS, proxy: Proxy(), setWindowRect: true, strictFileInteractability: false, timeouts: {implicit: 0, pageLoad: 300000, script: 30000}, unhandledPromptBehavior: dismiss and notify, webauthn:extension:credBlob: true, webauthn:extension:largeBlob: true, webauthn:virtualAuthenticators: true}
Session ID: a2d1cfaa0d4a2964900f7d1b00f972e2
*** Element info: {Using=xpath, value=//div[@class='q-checkbox__bg absolute']}
	at TestPackage.BusinessRoleUnitTest.BusinessRoleAditionalDetails(BusinessRoleUnitTest.java:43)
</failure>
    <system-err><![CDATA[SLF4J: Failed to load class "org.slf4j.impl.StaticLoggerBinder".
SLF4J: Defaulting to no-operation (NOP) logger implementation
SLF4J: See http://www.slf4j.org/codes.html#StaticLoggerBinder for further details.
Starting ChromeDriver 98.0.4758.80 (7f0488e8ba0d8e019187c6325a16c29d9b7f4989-refs/branch-heads/4758@{#972}) on port 36467
Only local connections are allowed.
Please see https://chromedriver.chromium.org/security-considerations for suggestions on keeping ChromeDriver safe.
ChromeDriver was started successfully.
Feb 15, 2022 9:20:24 AM org.openqa.selenium.remote.ProtocolHandshake createSession
INFO: Detected dialect: W3C
Starting ChromeDriver 98.0.4758.80 (7f0488e8ba0d8e019187c6325a16c29d9b7f4989-refs/branch-heads/4758@{#972}) on port 49056
Only local connections are allowed.
Please see https://chromedriver.chromium.org/security-considerations for suggestions on keeping ChromeDriver safe.
ChromeDriver was started successfully.
Feb 15, 2022 9:20:29 AM org.openqa.selenium.remote.ProtocolHandshake createSession
INFO: Detected dialect: W3C
Starting ChromeDriver 98.0.4758.80 (7f0488e8ba0d8e019187c6325a16c29d9b7f4989-refs/branch-heads/4758@{#972}) on port 41355
Only local connections are allowed.
Please see https://chromedriver.chromium.org/security-considerations for suggestions on keeping ChromeDriver safe.
ChromeDriver was started successfully.
Feb 15, 2022 9:20:32 AM org.openqa.selenium.remote.ProtocolHandshake createSession
INFO: Detected dialect: W3C
Starting ChromeDriver 98.0.4758.80 (7f0488e8ba0d8e019187c6325a16c29d9b7f4989-refs/branch-heads/4758@{#972}) on port 33327
Only local connections are allowed.
Please see https://chromedriver.chromium.org/security-considerations for suggestions on keeping ChromeDriver safe.
ChromeDriver was started successfully.
Feb 15, 2022 9:20:37 AM org.openqa.selenium.remote.ProtocolHandshake createSession
INFO: Detected dialect: W3C
Starting ChromeDriver 98.0.4758.80 (7f0488e8ba0d8e019187c6325a16c29d9b7f4989-refs/branch-heads/4758@{#972}) on port 44403
Only local connections are allowed.
Please see https://chromedriver.chromium.org/security-considerations for suggestions on keeping ChromeDriver safe.
ChromeDriver was started successfully.
Feb 15, 2022 9:20:42 AM org.openqa.selenium.remote.ProtocolHandshake createSession
INFO: Detected dialect: W3C
]]></system-err>
  </testcase>
  <testcase name="BusinessDetailsTest1" classname="TestPackage.BusinessDetailsTest" time="60.651">
    <failure message="Expected condition failed: waiting for visibility of element located by By.xpath: //input[@name=&apos;username&apos;] (tried for 40 second(s) with 500 milliseconds interval)" type="org.openqa.selenium.TimeoutException">org.openqa.selenium.TimeoutException: Expected condition failed: waiting for visibility of element located by By.xpath: //input[@name='username'] (tried for 40 second(s) with 500 milliseconds interval)
	at TestPackage.BusinessDetailsTest.BuisunessRole(BusinessDetailsTest.java:85)
	at TestPackage.BusinessDetailsTest.BusinessDetails(BusinessDetailsTest.java:40)
	at TestPackage.BusinessDetailsTest.BusinessDetailsTest1(BusinessDetailsTest.java:34)
Caused by: org.openqa.selenium.NoSuchElementException: 
no such element: Unable to locate element: {"method":"xpath","selector":"//input[@name='username']"}
  (Session info: chrome=98.0.4758.102)
For documentation on this error, please visit: https://www.seleniumhq.org/exceptions/no_such_element.html
Build info: version: '3.141.59', revision: 'e82be7d358', time: '2018-11-14T08:17:03'
System info: host: 'DESKTOP-MATN0N1', ip: '192.168.1.5', os.name: 'Windows 10', os.arch: 'amd64', os.version: '10.0', java.version: '11.0.12'
Driver info: org.openqa.selenium.chrome.ChromeDriver
Capabilities {acceptInsecureCerts: false, browserName: chrome, browserVersion: 98.0.4758.102, chrome: {chromedriverVersion: 98.0.4758.80 (7f0488e8ba0d8..., userDataDir: C:\Users\v-tballa\AppData\L...}, goog:chromeOptions: {debuggerAddress: localhost:62000}, javascriptEnabled: true, networkConnectionEnabled: false, pageLoadStrategy: normal, platform: WINDOWS, platformName: WINDOWS, proxy: Proxy(), setWindowRect: true, strictFileInteractability: false, timeouts: {implicit: 0, pageLoad: 300000, script: 30000}, unhandledPromptBehavior: dismiss and notify, webauthn:extension:credBlob: true, webauthn:extension:largeBlob: true, webauthn:virtualAuthenticators: true}
Session ID: a2d1cfaa0d4a2964900f7d1b00f972e2
*** Element info: {Using=xpath, value=//input[@name='username']}
	at TestPackage.BusinessDetailsTest.BuisunessRole(BusinessDetailsTest.java:85)
	at TestPackage.BusinessDetailsTest.BusinessDetails(BusinessDetailsTest.java:40)
	at TestPackage.BusinessDetailsTest.BusinessDetailsTest1(BusinessDetailsTest.java:34)
</failure>
    <system-out><![CDATA[Successfully captured a screenshot
]]></system-out>
  </testcase>
  <testcase name="BusinessRoleTest" classname="TestPackage.BusinessDetailsTest" time="60.587">
    <failure message="Expected condition failed: waiting for visibility of element located by By.xpath: //input[@name=&apos;username&apos;] (tried for 40 second(s) with 500 milliseconds interval)" type="org.openqa.selenium.TimeoutException">org.openqa.selenium.TimeoutException: Expected condition failed: waiting for visibility of element located by By.xpath: //input[@name='username'] (tried for 40 second(s) with 500 milliseconds interval)
	at TestPackage.BusinessDetailsTest.BuisunessRole(BusinessDetailsTest.java:85)
	at TestPackage.BusinessDetailsTest.BusinessRoleTest(BusinessDetailsTest.java:27)
Caused by: org.openqa.selenium.NoSuchElementException: 
no such element: Unable to locate element: {"method":"xpath","selector":"//input[@name='username']"}
  (Session info: chrome=98.0.4758.102)
For documentation on this error, please visit: https://www.seleniumhq.org/exceptions/no_such_element.html
Build info: version: '3.141.59', revision: 'e82be7d358', time: '2018-11-14T08:17:03'
System info: host: 'DESKTOP-MATN0N1', ip: '192.168.1.5', os.name: 'Windows 10', os.arch: 'amd64', os.version: '10.0', java.version: '11.0.12'
Driver info: org.openqa.selenium.chrome.ChromeDriver
Capabilities {acceptInsecureCerts: false, browserName: chrome, browserVersion: 98.0.4758.102, chrome: {chromedriverVersion: 98.0.4758.80 (7f0488e8ba0d8..., userDataDir: C:\Users\v-tballa\AppData\L...}, goog:chromeOptions: {debuggerAddress: localhost:62000}, javascriptEnabled: true, networkConnectionEnabled: false, pageLoadStrategy: normal, platform: WINDOWS, platformName: WINDOWS, proxy: Proxy(), setWindowRect: true, strictFileInteractability: false, timeouts: {implicit: 0, pageLoad: 300000, script: 30000}, unhandledPromptBehavior: dismiss and notify, webauthn:extension:credBlob: true, webauthn:extension:largeBlob: true, webauthn:virtualAuthenticators: true}
Session ID: a2d1cfaa0d4a2964900f7d1b00f972e2
*** Element info: {Using=xpath, value=//input[@name='username']}
	at TestPackage.BusinessDetailsTest.BuisunessRole(BusinessDetailsTest.java:85)
	at TestPackage.BusinessDetailsTest.BusinessRoleTest(BusinessDetailsTest.java:27)
</failure>
    <system-out><![CDATA[Successfully captured a screenshot
]]></system-out>
  </testcase>
  <testcase name="LoginWithMobileNumValidation" classname="TestPackage.LoginMobileTest" time="60.639">
    <failure message="Expected condition failed: waiting for visibility of element located by By.xpath: //input[@name=&apos;username&apos;] (tried for 40 second(s) with 500 milliseconds interval)" type="org.openqa.selenium.TimeoutException">org.openqa.selenium.TimeoutException: Expected condition failed: waiting for visibility of element located by By.xpath: //input[@name='username'] (tried for 40 second(s) with 500 milliseconds interval)
	at TestPackage.LoginMobileTest.LoginWithMobileNumValidation(LoginMobileTest.java:24)
Caused by: org.openqa.selenium.NoSuchElementException: 
no such element: Unable to locate element: {"method":"xpath","selector":"//input[@name='username']"}
  (Session info: chrome=98.0.4758.102)
For documentation on this error, please visit: https://www.seleniumhq.org/exceptions/no_such_element.html
Build info: version: '3.141.59', revision: 'e82be7d358', time: '2018-11-14T08:17:03'
System info: host: 'DESKTOP-MATN0N1', ip: '192.168.1.5', os.name: 'Windows 10', os.arch: 'amd64', os.version: '10.0', java.version: '11.0.12'
Driver info: org.openqa.selenium.chrome.ChromeDriver
Capabilities {acceptInsecureCerts: false, browserName: chrome, browserVersion: 98.0.4758.102, chrome: {chromedriverVersion: 98.0.4758.80 (7f0488e8ba0d8..., userDataDir: C:\Users\v-tballa\AppData\L...}, goog:chromeOptions: {debuggerAddress: localhost:62000}, javascriptEnabled: true, networkConnectionEnabled: false, pageLoadStrategy: normal, platform: WINDOWS, platformName: WINDOWS, proxy: Proxy(), setWindowRect: true, strictFileInteractability: false, timeouts: {implicit: 0, pageLoad: 300000, script: 30000}, unhandledPromptBehavior: dismiss and notify, webauthn:extension:credBlob: true, webauthn:extension:largeBlob: true, webauthn:virtualAuthenticators: true}
Session ID: a2d1cfaa0d4a2964900f7d1b00f972e2
*** Element info: {Using=xpath, value=//input[@name='username']}
	at TestPackage.LoginMobileTest.LoginWithMobileNumValidation(LoginMobileTest.java:24)
</failure>
    <system-out><![CDATA[Successfully captured a screenshot
Total no of cols===2
+919090909090
1234
+6520222022
1234
]]></system-out>
  </testcase>
  <testcase name="LoginWithMobileNumValidation" classname="TestPackage.LoginMobileTest" time="60.629">
    <failure message="Expected condition failed: waiting for visibility of element located by By.xpath: //input[@name=&apos;username&apos;] (tried for 40 second(s) with 500 milliseconds interval)" type="org.openqa.selenium.TimeoutException">org.openqa.selenium.TimeoutException: Expected condition failed: waiting for visibility of element located by By.xpath: //input[@name='username'] (tried for 40 second(s) with 500 milliseconds interval)
	at TestPackage.LoginMobileTest.LoginWithMobileNumValidation(LoginMobileTest.java:24)
Caused by: org.openqa.selenium.NoSuchElementException: 
no such element: Unable to locate element: {"method":"xpath","selector":"//input[@name='username']"}
  (Session info: chrome=98.0.4758.102)
For documentation on this error, please visit: https://www.seleniumhq.org/exceptions/no_such_element.html
Build info: version: '3.141.59', revision: 'e82be7d358', time: '2018-11-14T08:17:03'
System info: host: 'DESKTOP-MATN0N1', ip: '192.168.1.5', os.name: 'Windows 10', os.arch: 'amd64', os.version: '10.0', java.version: '11.0.12'
Driver info: org.openqa.selenium.chrome.ChromeDriver
Capabilities {acceptInsecureCerts: false, browserName: chrome, browserVersion: 98.0.4758.102, chrome: {chromedriverVersion: 98.0.4758.80 (7f0488e8ba0d8..., userDataDir: C:\Users\v-tballa\AppData\L...}, goog:chromeOptions: {debuggerAddress: localhost:62000}, javascriptEnabled: true, networkConnectionEnabled: false, pageLoadStrategy: normal, platform: WINDOWS, platformName: WINDOWS, proxy: Proxy(), setWindowRect: true, strictFileInteractability: false, timeouts: {implicit: 0, pageLoad: 300000, script: 30000}, unhandledPromptBehavior: dismiss and notify, webauthn:extension:credBlob: true, webauthn:extension:largeBlob: true, webauthn:virtualAuthenticators: true}
Session ID: a2d1cfaa0d4a2964900f7d1b00f972e2
*** Element info: {Using=xpath, value=//input[@name='username']}
	at TestPackage.LoginMobileTest.LoginWithMobileNumValidation(LoginMobileTest.java:24)
</failure>
    <system-out><![CDATA[Successfully captured a screenshot
]]></system-out>
  </testcase>
  <testcase name="RegisterNewEmailTest" classname="TestPackage.RegisterTest" time="40.425">
    <failure message="Expected condition failed: waiting for visibility of element located by By.xpath: //span[text()=&apos;Register&apos;] (tried for 40 second(s) with 500 milliseconds interval)" type="org.openqa.selenium.TimeoutException">org.openqa.selenium.TimeoutException: Expected condition failed: waiting for visibility of element located by By.xpath: //span[text()='Register'] (tried for 40 second(s) with 500 milliseconds interval)
	at TestPackage.RegisterTest.RegisterNewEmailTest(RegisterTest.java:38)
Caused by: org.openqa.selenium.NoSuchWindowException: 
no such window: target window already closed
from unknown error: web view not found
  (Session info: chrome=98.0.4758.102)
Build info: version: '3.141.59', revision: 'e82be7d358', time: '2018-11-14T08:17:03'
System info: host: 'DESKTOP-MATN0N1', ip: '192.168.1.5', os.name: 'Windows 10', os.arch: 'amd64', os.version: '10.0', java.version: '11.0.12'
Driver info: org.openqa.selenium.chrome.ChromeDriver
Capabilities {acceptInsecureCerts: false, browserName: chrome, browserVersion: 98.0.4758.102, chrome: {chromedriverVersion: 98.0.4758.80 (7f0488e8ba0d8..., userDataDir: C:\Users\v-tballa\AppData\L...}, goog:chromeOptions: {debuggerAddress: localhost:62000}, javascriptEnabled: true, networkConnectionEnabled: false, pageLoadStrategy: normal, platform: WINDOWS, platformName: WINDOWS, proxy: Proxy(), setWindowRect: true, strictFileInteractability: false, timeouts: {implicit: 0, pageLoad: 300000, script: 30000}, unhandledPromptBehavior: dismiss and notify, webauthn:extension:credBlob: true, webauthn:extension:largeBlob: true, webauthn:virtualAuthenticators: true}
Session ID: a2d1cfaa0d4a2964900f7d1b00f972e2
*** Element info: {Using=xpath, value=//span[text()='Register']}
	at TestPackage.RegisterTest.RegisterNewEmailTest(RegisterTest.java:38)
</failure>
    <system-out><![CDATA[Successfully captured a screenshot
]]></system-out>
  </testcase>
  <testcase name="LoginWithMobileValidation" classname="TestPackage.LoginEmailTest" time="40.44">
    <failure message="Expected condition failed: waiting for visibility of element located by By.xpath: //input[@name=&apos;username&apos;] (tried for 40 second(s) with 500 milliseconds interval)" type="org.openqa.selenium.TimeoutException">org.openqa.selenium.TimeoutException: Expected condition failed: waiting for visibility of element located by By.xpath: //input[@name='username'] (tried for 40 second(s) with 500 milliseconds interval)
	at TestPackage.LoginEmailTest.LoginWithMobileValidation(LoginEmailTest.java:23)
Caused by: org.openqa.selenium.NoSuchWindowException: 
no such window: target window already closed
from unknown error: web view not found
  (Session info: chrome=98.0.4758.102)
Build info: version: '3.141.59', revision: 'e82be7d358', time: '2018-11-14T08:17:03'
System info: host: 'DESKTOP-MATN0N1', ip: '192.168.1.5', os.name: 'Windows 10', os.arch: 'amd64', os.version: '10.0', java.version: '11.0.12'
Driver info: org.openqa.selenium.chrome.ChromeDriver
Capabilities {acceptInsecureCerts: false, browserName: chrome, browserVersion: 98.0.4758.102, chrome: {chromedriverVersion: 98.0.4758.80 (7f0488e8ba0d8..., userDataDir: C:\Users\v-tballa\AppData\L...}, goog:chromeOptions: {debuggerAddress: localhost:62000}, javascriptEnabled: true, networkConnectionEnabled: false, pageLoadStrategy: normal, platform: WINDOWS, platformName: WINDOWS, proxy: Proxy(), setWindowRect: true, strictFileInteractability: false, timeouts: {implicit: 0, pageLoad: 300000, script: 30000}, unhandledPromptBehavior: dismiss and notify, webauthn:extension:credBlob: true, webauthn:extension:largeBlob: true, webauthn:virtualAuthenticators: true}
Session ID: a2d1cfaa0d4a2964900f7d1b00f972e2
*** Element info: {Using=xpath, value=//input[@name='username']}
	at TestPackage.LoginEmailTest.LoginWithMobileValidation(LoginEmailTest.java:23)
</failure>
    <system-out><![CDATA[Exception while taking screenshot no such window: target window already closed
from unknown error: web view not found
  (Session info: chrome=98.0.4758.102)
Build info: version: '3.141.59', revision: 'e82be7d358', time: '2018-11-14T08:17:03'
System info: host: 'DESKTOP-MATN0N1', ip: '192.168.1.5', os.name: 'Windows 10', os.arch: 'amd64', os.version: '10.0', java.version: '11.0.12'
Driver info: org.openqa.selenium.chrome.ChromeDriver
Capabilities {acceptInsecureCerts: false, browserName: chrome, browserVersion: 98.0.4758.102, chrome: {chromedriverVersion: 98.0.4758.80 (7f0488e8ba0d8..., userDataDir: C:\Users\v-tballa\AppData\L...}, goog:chromeOptions: {debuggerAddress: localhost:62000}, javascriptEnabled: true, networkConnectionEnabled: false, pageLoadStrategy: normal, platform: WINDOWS, platformName: WINDOWS, proxy: Proxy(), setWindowRect: true, strictFileInteractability: false, timeouts: {implicit: 0, pageLoad: 300000, script: 30000}, unhandledPromptBehavior: dismiss and notify, webauthn:extension:credBlob: true, webauthn:extension:largeBlob: true, webauthn:virtualAuthenticators: true}
Session ID: a2d1cfaa0d4a2964900f7d1b00f972e2
Total no of cols===2
thirumala123@gmail.com
1234
thirumala.kiran85@gmail.com
1234
]]></system-out>
  </testcase>
  <testcase name="LoginWithMobileValidation" classname="TestPackage.LoginEmailTest" time="40.428">
    <failure message="Expected condition failed: waiting for visibility of element located by By.xpath: //input[@name=&apos;username&apos;] (tried for 40 second(s) with 500 milliseconds interval)" type="org.openqa.selenium.TimeoutException">org.openqa.selenium.TimeoutException: Expected condition failed: waiting for visibility of element located by By.xpath: //input[@name='username'] (tried for 40 second(s) with 500 milliseconds interval)
	at TestPackage.LoginEmailTest.LoginWithMobileValidation(LoginEmailTest.java:23)
Caused by: org.openqa.selenium.NoSuchWindowException: 
no such window: target window already closed
from unknown error: web view not found
  (Session info: chrome=98.0.4758.102)
Build info: version: '3.141.59', revision: 'e82be7d358', time: '2018-11-14T08:17:03'
System info: host: 'DESKTOP-MATN0N1', ip: '192.168.1.5', os.name: 'Windows 10', os.arch: 'amd64', os.version: '10.0', java.version: '11.0.12'
Driver info: org.openqa.selenium.chrome.ChromeDriver
Capabilities {acceptInsecureCerts: false, browserName: chrome, browserVersion: 98.0.4758.102, chrome: {chromedriverVersion: 98.0.4758.80 (7f0488e8ba0d8..., userDataDir: C:\Users\v-tballa\AppData\L...}, goog:chromeOptions: {debuggerAddress: localhost:62000}, javascriptEnabled: true, networkConnectionEnabled: false, pageLoadStrategy: normal, platform: WINDOWS, platformName: WINDOWS, proxy: Proxy(), setWindowRect: true, strictFileInteractability: false, timeouts: {implicit: 0, pageLoad: 300000, script: 30000}, unhandledPromptBehavior: dismiss and notify, webauthn:extension:credBlob: true, webauthn:extension:largeBlob: true, webauthn:virtualAuthenticators: true}
Session ID: a2d1cfaa0d4a2964900f7d1b00f972e2
*** Element info: {Using=xpath, value=//input[@name='username']}
	at TestPackage.LoginEmailTest.LoginWithMobileValidation(LoginEmailTest.java:23)
</failure>
    <system-out><![CDATA[Exception while taking screenshot no such window: target window already closed
from unknown error: web view not found
  (Session info: chrome=98.0.4758.102)
Build info: version: '3.141.59', revision: 'e82be7d358', time: '2018-11-14T08:17:03'
System info: host: 'DESKTOP-MATN0N1', ip: '192.168.1.5', os.name: 'Windows 10', os.arch: 'amd64', os.version: '10.0', java.version: '11.0.12'
Driver info: org.openqa.selenium.chrome.ChromeDriver
Capabilities {acceptInsecureCerts: false, browserName: chrome, browserVersion: 98.0.4758.102, chrome: {chromedriverVersion: 98.0.4758.80 (7f0488e8ba0d8..., userDataDir: C:\Users\v-tballa\AppData\L...}, goog:chromeOptions: {debuggerAddress: localhost:62000}, javascriptEnabled: true, networkConnectionEnabled: false, pageLoadStrategy: normal, platform: WINDOWS, platformName: WINDOWS, proxy: Proxy(), setWindowRect: true, strictFileInteractability: false, timeouts: {implicit: 0, pageLoad: 300000, script: 30000}, unhandledPromptBehavior: dismiss and notify, webauthn:extension:credBlob: true, webauthn:extension:largeBlob: true, webauthn:virtualAuthenticators: true}
Session ID: a2d1cfaa0d4a2964900f7d1b00f972e2
]]></system-out>
  </testcase>
</testsuite>