<?xml version="1.0" encoding="UTF-8"?>
<testng-results ignored="0" total="1" passed="1" failed="0" skipped="0">
  <reporter-output>
    <line>
      <![CDATA[Click on Register Link ]]>
    </line>
    <line>
      <![CDATA[Entered Full name of User]]>
    </line>
    <line>
      <![CDATA[Entered Full name of User]]>
    </line>
    <line>
      <![CDATA[Entered NewEmail]]>
    </line>
    <line>
      <![CDATA[Entered Phone]]>
    </line>
    <line>
      <![CDATA[Entered Hear about us]]>
    </line>
    <line>
      <![CDATA[Entered PrivacyCheck]]>
    </line>
    <line>
      <![CDATA[Click on Continue btn]]>
    </line>
    <line>
      <![CDATA[Enter Mobile OTP]]>
    </line>
  </reporter-output>
  <suite started-at="2022-02-13T02:47:58 IST" name="Default suite" finished-at="2022-02-13T02:48:03 IST" duration-ms="4946">
    <groups>
    </groups>
    <test started-at="2022-02-13T02:47:58 IST" name="Default test" finished-at="2022-02-13T02:48:03 IST" duration-ms="4946">
      <class name="TestPackage.RegisterTest">
        <test-method signature="ResterEmail()[pri:0, instance:TestPackage.RegisterTest@6b760460]" started-at="2022-02-13T02:47:58 IST" name="ResterEmail" finished-at="2022-02-13T02:48:03 IST" duration-ms="4875" status="PASS">
          <reporter-output>
            <line>
              <![CDATA[Click on Register Link ]]>
            </line>
            <line>
              <![CDATA[Entered Full name of User]]>
            </line>
            <line>
              <![CDATA[Entered Full name of User]]>
            </line>
            <line>
              <![CDATA[Entered NewEmail]]>
            </line>
            <line>
              <![CDATA[Entered Phone]]>
            </line>
            <line>
              <![CDATA[Entered Hear about us]]>
            </line>
            <line>
              <![CDATA[Entered PrivacyCheck]]>
            </line>
            <line>
              <![CDATA[Click on Continue btn]]>
            </line>
            <line>
              <![CDATA[Enter Mobile OTP]]>
            </line>
          </reporter-output>
        </test-method> <!-- ResterEmail -->
        <test-method is-config="true" signature="TestCleanUp()[pri:0, instance:TestPackage.RegisterTest@6b760460]" started-at="2022-02-13T02:48:03 IST" name="TestCleanUp" finished-at="2022-02-13T02:48:03 IST" duration-ms="2" status="PASS">
          <reporter-output>
          </reporter-output>
        </test-method> <!-- TestCleanUp -->
      </class> <!-- TestPackage.RegisterTest -->
    </test> <!-- Default test -->
  </suite> <!-- Default suite -->
</testng-results>
